0 info it worked if it ends with ok
1 verbose cli [ 'C:\\Program Files\\nodejs\\node.exe',
1 verbose cli   'C:\\Program Files\\nodejs\\node_modules\\npm\\bin\\npm-cli.js',
1 verbose cli   'run',
1 verbose cli   'test' ]
2 info using npm@3.10.8
3 info using node@v6.9.0
4 verbose run-script [ 'pretest', 'test', 'posttest' ]
5 info lifecycle bootstrap-calendar@0.2.5~pretest: bootstrap-calendar@0.2.5
6 silly lifecycle bootstrap-calendar@0.2.5~pretest: no script for pretest, continuing
7 info lifecycle bootstrap-calendar@0.2.5~test: bootstrap-calendar@0.2.5
8 verbose lifecycle bootstrap-calendar@0.2.5~test: unsafe-perm in lifecycle true
9 verbose lifecycle bootstrap-calendar@0.2.5~test: PATH: C:\Program Files\nodejs\node_modules\npm\bin\node-gyp-bin;C:\xampp-5.6\htdocs\obra2.1\public\plugins\bootstrap-calendar-master\node_modules\.bin;C:\ProgramData\Oracle\Java\javapath;C:\WINDOWS\system32;C:\WINDOWS;C:\WINDOWS\System32\Wbem;C:\WINDOWS\System32\WindowsPowerShell\v1.0\;C:\Program Files (x86)\Common Files\lenovo\easyplussdk\bin;C:\Program Files (x86)\Skype\Phone\;C:\Program Files\Intel\WiFi\bin\;C:\Program Files\Common Files\Intel\WirelessCommon\;C:\LINGO64_17\;C:\ProgramData\ComposerSetup\bin;C:\xampp\php;C:\Program Files\Git\cmd;C:\Program Files\nodejs\;C:\WINDOWS\System32\OpenSSH\;C:\Users\CARLOS\AppData\Local\Microsoft\WindowsApps;C:\Users\CARLOS\AppData\Roaming\Composer\vendor\bin;C:\Users\CARLOS\AppData\Roaming\npm;;C:\Program Files\Microsoft VS Code\bin
10 verbose lifecycle bootstrap-calendar@0.2.5~test: CWD: C:\xampp-5.6\htdocs\obra2.1\public\plugins\bootstrap-calendar-master
11 silly lifecycle bootstrap-calendar@0.2.5~test: Args: [ '/d /s /c', 'echo "Error: no test specified" && exit 1' ]
12 silly lifecycle bootstrap-calendar@0.2.5~test: Returned: code: 1  signal: null
13 info lifecycle bootstrap-calendar@0.2.5~test: Failed to exec test script
14 verbose stack Error: bootstrap-calendar@0.2.5 test: `echo "Error: no test specified" && exit 1`
14 verbose stack Exit status 1
14 verbose stack     at EventEmitter.<anonymous> (C:\Program Files\nodejs\node_modules\npm\lib\utils\lifecycle.js:255:16)
14 verbose stack     at emitTwo (events.js:106:13)
14 verbose stack     at EventEmitter.emit (events.js:191:7)
14 verbose stack     at ChildProcess.<anonymous> (C:\Program Files\nodejs\node_modules\npm\lib\utils\spawn.js:40:14)
14 verbose stack     at emitTwo (events.js:106:13)
14 verbose stack     at ChildProcess.emit (events.js:191:7)
14 verbose stack     at maybeClose (internal/child_process.js:877:16)
14 verbose stack     at Process.ChildProcess._handle.onexit (internal/child_process.js:226:5)
15 verbose pkgid bootstrap-calendar@0.2.5
16 verbose cwd C:\xampp-5.6\htdocs\obra2.1\public\plugins\bootstrap-calendar-master
17 error Windows_NT 10.0.17134
18 error argv "C:\\Program Files\\nodejs\\node.exe" "C:\\Program Files\\nodejs\\node_modules\\npm\\bin\\npm-cli.js" "run" "test"
19 error node v6.9.0
20 error npm  v3.10.8
21 error code ELIFECYCLE
22 error bootstrap-calendar@0.2.5 test: `echo "Error: no test specified" && exit 1`
22 error Exit status 1
23 error Failed at the bootstrap-calendar@0.2.5 test script 'echo "Error: no test specified" && exit 1'.
23 error Make sure you have the latest version of node.js and npm installed.
23 error If you do, this is most likely a problem with the bootstrap-calendar package,
23 error not with npm itself.
23 error Tell the author that this fails on your system:
23 error     echo "Error: no test specified" && exit 1
23 error You can get information on how to open an issue for this project with:
23 error     npm bugs bootstrap-calendar
23 error Or if that isn't available, you can get their info via:
23 error     npm owner ls bootstrap-calendar
23 error There is likely additional logging output above.
24 verbose exit [ 1, true ]
